warning: Module long_module spans 18 lines, exceeding the allowed 5.
  --> $DIR/fail_module_too_long.rs:2:5
   |
LL | mod long_module {
   |     ^^^^^^^^^^^
   |
note: Large modules are harder to navigate and review.
  --> $DIR/fail_module_too_long.rs:2:1
   |
LL | mod long_module {
   | ^^^^^^^^^^^^^^^
   = help: Split long_module into smaller modules or reduce its responsibilities.
   = note: `#[warn(module_max_lines)]` on by default

warning: this lint expectation is unfulfilled
  --> $DIR/fail_module_too_long.rs:1:10
   |
LL | #[expect(dead_code, reason = "test fixture only")]
   |          ^^^^^^^^^
   |
   = note: test fixture only
   = note: `#[warn(unfulfilled_lint_expectations)]` on by default

warning: 2 warnings emitted
