warning: doc comments on functions must precede other outer attributes
  --> $DIR/fail_doc_attribute_after.rs:5:1
   |
LL | #[doc = "Function doc attribute appears after `#[inline]`."]
   | ^^^^^^^^^^^^^^^^^^^^^^^^^^^^^^^^^^^^^^^^^^^^^^^^^^^^^^^^^^^^
   |
note: an outer attribute appears before the doc comment
  --> $DIR/fail_doc_attribute_after.rs:4:1
   |
LL | #[inline]
   | ^^^^^^^^^
   = help: Move the doc comment before other outer attributes.
note: the lint level is defined here
  --> $DIR/fail_doc_attribute_after.rs:1:9
   |
LL | #![warn(function_attrs_follow_docs)]
   |         ^^^^^^^^^^^^^^^^^^^^^^^^^^

warning: doc comments on methods must precede other outer attributes
  --> $DIR/fail_doc_attribute_after.rs:12:5
   |
LL |     #[doc = "Method doc attribute appears after `#[allow]`."]
   |     ^^^^^^^^^^^^^^^^^^^^^^^^^^^^^^^^^^^^^^^^^^^^^^^^^^^^^^^^^
   |
note: an outer attribute appears before the doc comment
  --> $DIR/fail_doc_attribute_after.rs:11:5
   |
LL |     #[allow(dead_code)]
   |     ^^^^^^^^^^^^^^^^^^^
   = help: Move the doc comment before other outer attributes.

warning: doc comments on trait methods must precede other outer attributes
  --> $DIR/fail_doc_attribute_after.rs:18:5
   |
LL |     #[doc = "Trait doc attribute appears after `#[allow]`."]
   |     ^^^^^^^^^^^^^^^^^^^^^^^^^^^^^^^^^^^^^^^^^^^^^^^^^^^^^^^^
   |
note: an outer attribute appears before the doc comment
  --> $DIR/fail_doc_attribute_after.rs:17:5
   |
LL |     #[allow(dead_code)]
   |     ^^^^^^^^^^^^^^^^^^^
   = help: Move the doc comment before other outer attributes.

warning: 3 warnings emitted

